Command line invocation:
    /Applications/Xcode.app/Contents/Developer/usr/bin/xcodebuild build -scheme Nurikabe -configuration Debug -destination "platform=iOS Simulator,name=iPhone 16" -derivedDataPath build

--- xcodebuild: WARNING: Using the first of multiple matching destinations:
{ platform:iOS Simulator, arch:arm64, id:31591A29-9850-4DF2-8181-D59B1409C949, OS:18.6, name:iPhone 16 }
{ platform:iOS Simulator, arch:x86_64, id:31591A29-9850-4DF2-8181-D59B1409C949, OS:18.6, name:iPhone 16 }
ComputePackagePrebuildTargetDependencyGraph

Prepare packages

CreateBuildRequest

SendProjectDescription

CreateBuildOperation

ComputeTargetDependencyGraph
note: Building targets in dependency order
note: Target dependency graph (1 target)
    Target 'Nurikabe' in project 'Nurikabe' (no dependencies)

GatherProvisioningInputs

CreateBuildDescription

ExecuteExternalTool /Applications/Xcode.app/Contents/Developer/Toolchains/XcodeDefault.xctoolchain/usr/bin/clang -v -E -dM -isysroot /Applications/Xcode.app/Contents/Developer/Platforms/iPhoneSimulator.platform/Developer/SDKs/iPhoneSimulator18.5.sdk -x c -c /dev/null

ExecuteExternalTool /Applications/Xcode.app/Contents/Developer/usr/bin/ibtool --version --output-format xml1

ExecuteExternalTool /Applications/Xcode.app/Contents/Developer/usr/bin/actool --print-asset-tag-combinations --output-format xml1 /Users/lenatrnovec/Nurikabe/Nurikabe/Assets.xcassets

ExecuteExternalTool /Applications/Xcode.app/Contents/Developer/usr/bin/actool --version --output-format xml1

ExecuteExternalTool /Applications/Xcode.app/Contents/Developer/Toolchains/XcodeDefault.xctoolchain/usr/bin/swiftc --version

ExecuteExternalTool /Applications/Xcode.app/Contents/Developer/Toolchains/XcodeDefault.xctoolchain/usr/bin/ld -version_details

Build description signature: 5cddf94e39932dc6ce0246ccede885e7
Build description path: /Users/lenatrnovec/Nurikabe/build/Build/Intermediates.noindex/XCBuildData/5cddf94e39932dc6ce0246ccede885e7.xcbuilddata
ClangStatCache /Applications/Xcode.app/Contents/Developer/Toolchains/XcodeDefault.xctoolchain/usr/bin/clang-stat-cache /Applications/Xcode.app/Contents/Developer/Platforms/iPhoneSimulator.platform/Developer/SDKs/iPhoneSimulator18.5.sdk /Users/lenatrnovec/Nurikabe/build/SDKStatCaches.noindex/iphonesimulator18.5-22F76-d5fc8ad4295d2ef488fb7d0f804ce0c4.sdkstatcache
    cd /Users/lenatrnovec/Nurikabe/Nurikabe.xcodeproj
    /Applications/Xcode.app/Contents/Developer/Toolchains/XcodeDefault.xctoolchain/usr/bin/clang-stat-cache /Applications/Xcode.app/Contents/Developer/Platforms/iPhoneSimulator.platform/Developer/SDKs/iPhoneSimulator18.5.sdk -o /Users/lenatrnovec/Nurikabe/build/SDKStatCaches.noindex/iphonesimulator18.5-22F76-d5fc8ad4295d2ef488fb7d0f804ce0c4.sdkstatcache

WriteAuxiliaryFile /Users/lenatrnovec/Nurikabe/build/Build/Intermediates.noindex/Nurikabe.build/Debug-iphonesimulator/Nurikabe.build/Objects-normal/arm64/Nurikabe.SwiftFileList (in target 'Nurikabe' from project 'Nurikabe')
    cd /Users/lenatrnovec/Nurikabe
    write-file /Users/lenatrnovec/Nurikabe/build/Build/Intermediates.noindex/Nurikabe.build/Debug-iphonesimulator/Nurikabe.build/Objects-normal/arm64/Nurikabe.SwiftFileList

ProcessProductPackaging "" /Users/lenatrnovec/Nurikabe/build/Build/Intermediates.noindex/Nurikabe.build/Debug-iphonesimulator/Nurikabe.build/Nurikabe.app-Simulated.xcent (in target 'Nurikabe' from project 'Nurikabe')
    cd /Users/lenatrnovec/Nurikabe
    
    Entitlements:
    
    {
    "application-identifier" = "FAKETEAMID.TwinsDev.Nurikabe";
}
    
    builtin-productPackagingUtility -entitlements -format xml -o /Users/lenatrnovec/Nurikabe/build/Build/Intermediates.noindex/Nurikabe.build/Debug-iphonesimulator/Nurikabe.build/Nurikabe.app-Simulated.xcent

WriteAuxiliaryFile /Users/lenatrnovec/Nurikabe/build/Build/Intermediates.noindex/Nurikabe.build/Debug-iphonesimulator/Nurikabe.build/Objects-normal/arm64/Nurikabe.SwiftConstValuesFileList (in target 'Nurikabe' from project 'Nurikabe')
    cd /Users/lenatrnovec/Nurikabe
    write-file /Users/lenatrnovec/Nurikabe/build/Build/Intermediates.noindex/Nurikabe.build/Debug-iphonesimulator/Nurikabe.build/Objects-normal/arm64/Nurikabe.SwiftConstValuesFileList

WriteAuxiliaryFile /Users/lenatrnovec/Nurikabe/build/Build/Intermediates.noindex/Nurikabe.build/Debug-iphonesimulator/Nurikabe.build/Objects-normal/arm64/Nurikabe.LinkFileList (in target 'Nurikabe' from project 'Nurikabe')
    cd /Users/lenatrnovec/Nurikabe
    write-file /Users/lenatrnovec/Nurikabe/build/Build/Intermediates.noindex/Nurikabe.build/Debug-iphonesimulator/Nurikabe.build/Objects-normal/arm64/Nurikabe.LinkFileList

ProcessProductPackagingDER /Users/lenatrnovec/Nurikabe/build/Build/Intermediates.noindex/Nurikabe.build/Debug-iphonesimulator/Nurikabe.build/Nurikabe.app-Simulated.xcent /Users/lenatrnovec/Nurikabe/build/Build/Intermediates.noindex/Nurikabe.build/Debug-iphonesimulator/Nurikabe.build/Nurikabe.app-Simulated.xcent.der (in target 'Nurikabe' from project 'Nurikabe')
    cd /Users/lenatrnovec/Nurikabe
    /usr/bin/derq query -f xml -i /Users/lenatrnovec/Nurikabe/build/Build/Intermediates.noindex/Nurikabe.build/Debug-iphonesimulator/Nurikabe.build/Nurikabe.app-Simulated.xcent -o /Users/lenatrnovec/Nurikabe/build/Build/Intermediates.noindex/Nurikabe.build/Debug-iphonesimulator/Nurikabe.build/Nurikabe.app-Simulated.xcent.der --raw

LinkStoryboards (in target 'Nurikabe' from project 'Nurikabe')
    cd /Users/lenatrnovec/Nurikabe
    /Applications/Xcode.app/Contents/Developer/usr/bin/ibtool --errors --warnings --notices --module Nurikabe --target-device iphone --target-device ipad --minimum-deployment-target 18.5 --output-format human-readable-text --link /Users/lenatrnovec/Nurikabe/build/Build/Products/Debug-iphonesimulator/Nurikabe.app /Users/lenatrnovec/Nurikabe/build/Build/Intermediates.noindex/Nurikabe.build/Debug-iphonesimulator/Nurikabe.build/Base.lproj/LaunchScreen.storyboardc /Users/lenatrnovec/Nurikabe/build/Build/Intermediates.noindex/Nurikabe.build/Debug-iphonesimulator/Nurikabe.build/Base.lproj/Main.storyboardc

SwiftDriver Nurikabe normal arm64 com.apple.xcode.tools.swift.compiler (in target 'Nurikabe' from project 'Nurikabe')
    cd /Users/lenatrnovec/Nurikabe
    builtin-SwiftDriver -- /Applications/Xcode.app/Contents/Developer/Toolchains/XcodeDefault.xctoolchain/usr/bin/swiftc -module-name Nurikabe -Onone -enforce-exclusivity\=checked @/Users/lenatrnovec/Nurikabe/build/Build/Intermediates.noindex/Nurikabe.build/Debug-iphonesimulator/Nurikabe.build/Objects-normal/arm64/Nurikabe.SwiftFileList -DDEBUG -enable-bare-slash-regex -enable-experimental-feature DebugDescriptionMacro -sdk /Applications/Xcode.app/Contents/Developer/Platforms/iPhoneSimulator.platform/Developer/SDKs/iPhoneSimulator18.5.sdk -target arm64-apple-ios18.5-simulator -g -module-cache-path /Users/lenatrnovec/Nurikabe/build/ModuleCache.noindex -Xfrontend -serialize-debugging-options -profile-coverage-mapping -profile-generate -enable-testing -index-store-path /Users/lenatrnovec/Nurikabe/build/Index.noindex/DataStore -swift-version 5 -I /Users/lenatrnovec/Nurikabe/build/Build/Products/Debug-iphonesimulator -F /Users/lenatrnovec/Nurikabe/build/Build/Products/Debug-iphonesimulator -emit-localized-strings -emit-localized-strings-path /Users/lenatrnovec/Nurikabe/build/Build/Intermediates.noindex/Nurikabe.build/Debug-iphonesimulator/Nurikabe.build/Objects-normal/arm64 -c -j12 -enable-batch-mode -incremental -Xcc -ivfsstatcache -Xcc /Users/lenatrnovec/Nurikabe/build/SDKStatCaches.noindex/iphonesimulator18.5-22F76-d5fc8ad4295d2ef488fb7d0f804ce0c4.sdkstatcache -output-file-map /Users/lenatrnovec/Nurikabe/build/Build/Intermediates.noindex/Nurikabe.build/Debug-iphonesimulator/Nurikabe.build/Objects-normal/arm64/Nurikabe-OutputFileMap.json -use-frontend-parseable-output -save-temps -no-color-diagnostics -serialize-diagnostics -emit-dependencies -emit-module -emit-module-path /Users/lenatrnovec/Nurikabe/build/Build/Intermediates.noindex/Nurikabe.build/Debug-iphonesimulator/Nurikabe.build/Objects-normal/arm64/Nurikabe.swiftmodule -validate-clang-modules-once -clang-build-session-file /Users/lenatrnovec/Nurikabe/build/ModuleCache.noindex/Session.modulevalidation -Xcc -I/Users/lenatrnovec/Nurikabe/build/Build/Intermediates.noindex/Nurikabe.build/Debug-iphonesimulator/Nurikabe.build/swift-overrides.hmap -emit-const-values -Xfrontend -const-gather-protocols-file -Xfrontend /Users/lenatrnovec/Nurikabe/build/Build/Intermediates.noindex/Nurikabe.build/Debug-iphonesimulator/Nurikabe.build/Objects-normal/arm64/Nurikabe_const_extract_protocols.json -Xcc -iquote -Xcc /Users/lenatrnovec/Nurikabe/build/Build/Intermediates.noindex/Nurikabe.build/Debug-iphonesimulator/Nurikabe.build/Nurikabe-generated-files.hmap -Xcc -I/Users/lenatrnovec/Nurikabe/build/Build/Intermediates.noindex/Nurikabe.build/Debug-iphonesimulator/Nurikabe.build/Nurikabe-own-target-headers.hmap -Xcc -I/Users/lenatrnovec/Nurikabe/build/Build/Intermediates.noindex/Nurikabe.build/Debug-iphonesimulator/Nurikabe.build/Nurikabe-all-target-headers.hmap -Xcc -iquote -Xcc /Users/lenatrnovec/Nurikabe/build/Build/Intermediates.noindex/Nurikabe.build/Debug-iphonesimulator/Nurikabe.build/Nurikabe-project-headers.hmap -Xcc -I/Users/lenatrnovec/Nurikabe/build/Build/Products/Debug-iphonesimulator/include -Xcc -I/Users/lenatrnovec/Nurikabe/build/Build/Intermediates.noindex/Nurikabe.build/Debug-iphonesimulator/Nurikabe.build/DerivedSources-normal/arm64 -Xcc -I/Users/lenatrnovec/Nurikabe/build/Build/Intermediates.noindex/Nurikabe.build/Debug-iphonesimulator/Nurikabe.build/DerivedSources/arm64 -Xcc -I/Users/lenatrnovec/Nurikabe/build/Build/Intermediates.noindex/Nurikabe.build/Debug-iphonesimulator/Nurikabe.build/DerivedSources -Xcc -DDEBUG\=1 -emit-objc-header -emit-objc-header-path /Users/lenatrnovec/Nurikabe/build/Build/Intermediates.noindex/Nurikabe.build/Debug-iphonesimulator/Nurikabe.build/Objects-normal/arm64/Nurikabe-Swift.h -working-directory /Users/lenatrnovec/Nurikabe -experimental-emit-module-separately -disable-cmo

SwiftCompile normal arm64 Compiling\ MenuScene.swift /Users/lenatrnovec/Nurikabe/Nurikabe/MenuScene.swift (in target 'Nurikabe' from project 'Nurikabe')

SwiftCompile normal arm64 /Users/lenatrnovec/Nurikabe/Nurikabe/MenuScene.swift (in target 'Nurikabe' from project 'Nurikabe')
    cd /Users/lenatrnovec/Nurikabe
    
/Users/lenatrnovec/Nurikabe/Nurikabe/MenuScene.swift:74:43: error: cannot convert value of type 'Double' to expected argument type 'CGSize'
        let sparkle = SKShapeNode(rectOf: 1.5)
                                          ^
/Users/lenatrnovec/Nurikabe/Nurikabe/MenuScene.swift:76:32: error: cannot infer contextual base in reference to member 'clear'
        sparkle.strokeColor = .clear
                              ~^~~~~

Failed frontend command:
/Applications/Xcode.app/Contents/Developer/Toolchains/XcodeDefault.xctoolchain/usr/bin/swift-frontend -frontend -c /Users/lenatrnovec/Nurikabe/Nurikabe/GameViewController.swift /Users/lenatrnovec/Nurikabe/Nurikabe/GameScene.swift /Users/lenatrnovec/Nurikabe/Nurikabe/AppDelegate.swift -primary-file /Users/lenatrnovec/Nurikabe/Nurikabe/MenuScene.swift /Users/lenatrnovec/Nurikabe/Nurikabe/AppColors.swift /Users/lenatrnovec/Nurikabe/build/Build/Intermediates.noindex/Nurikabe.build/Debug-iphonesimulator/Nurikabe.build/DerivedSources/GeneratedAssetSymbols.swift -emit-dependencies-path /Users/lenatrnovec/Nurikabe/build/Build/Intermediates.noindex/Nurikabe.build/Debug-iphonesimulator/Nurikabe.build/Objects-normal/arm64/MenuScene.d -emit-const-values-path /Users/lenatrnovec/Nurikabe/build/Build/Intermediates.noindex/Nurikabe.build/Debug-iphonesimulator/Nurikabe.build/Objects-normal/arm64/MenuScene.swiftconstvalues -emit-reference-dependencies-path /Users/lenatrnovec/Nurikabe/build/Build/Intermediates.noindex/Nurikabe.build/Debug-iphonesimulator/Nurikabe.build/Objects-normal/arm64/MenuScene.swiftdeps -serialize-diagnostics-path /Users/lenatrnovec/Nurikabe/build/Build/Intermediates.noindex/Nurikabe.build/Debug-iphonesimulator/Nurikabe.build/Objects-normal/arm64/MenuScene.dia -emit-localized-strings -emit-localized-strings-path /Users/lenatrnovec/Nurikabe/build/Build/Intermediates.noindex/Nurikabe.build/Debug-iphonesimulator/Nurikabe.build/Objects-normal/arm64 -target arm64-apple-ios18.5-simulator -Xllvm -aarch64-use-tbi -enable-objc-interop -sdk /Applications/Xcode.app/Contents/Developer/Platforms/iPhoneSimulator.platform/Developer/SDKs/iPhoneSimulator18.5.sdk -I /Users/lenatrnovec/Nurikabe/build/Build/Products/Debug-iphonesimulator -F /Users/lenatrnovec/Nurikabe/build/Build/Products/Debug-iphonesimulator -no-color-diagnostics -enable-testing -g -debug-info-format\=dwarf -dwarf-version\=5 -module-cache-path /Users/lenatrnovec/Nurikabe/build/ModuleCache.noindex -profile-generate -profile-coverage-mapping -swift-version 5 -enforce-exclusivity\=checked -Onone -D DEBUG -serialize-debugging-options -const-gather-protocols-file /Users/lenatrnovec/Nurikabe/build/Build/Intermediates.noindex/Nurikabe.build/Debug-iphonesimulator/Nurikabe.build/Objects-normal/arm64/Nurikabe_const_extract_protocols.json -enable-experimental-feature DebugDescriptionMacro -enable-bare-slash-regex -empty-abi-descriptor -validate-clang-modules-once -clang-build-session-file /Users/lenatrnovec/Nurikabe/build/ModuleCache.noindex/Session.modulevalidation -Xcc -working-directory -Xcc /Users/lenatrnovec/Nurikabe -resource-dir /Applications/Xcode.app/Contents/Developer/Toolchains/XcodeDefault.xctoolchain/usr/lib/swift -enable-anonymous-context-mangled-names -file-compilation-dir /Users/lenatrnovec/Nurikabe -Xcc -ivfsstatcache -Xcc /Users/lenatrnovec/Nurikabe/build/SDKStatCaches.noindex/iphonesimulator18.5-22F76-d5fc8ad4295d2ef488fb7d0f804ce0c4.sdkstatcache -Xcc -I/Users/lenatrnovec/Nurikabe/build/Build/Intermediates.noindex/Nurikabe.build/Debug-iphonesimulator/Nurikabe.build/swift-overrides.hmap -Xcc -iquote -Xcc /Users/lenatrnovec/Nurikabe/build/Build/Intermediates.noindex/Nurikabe.build/Debug-iphonesimulator/Nurikabe.build/Nurikabe-generated-files.hmap -Xcc -I/Users/lenatrnovec/Nurikabe/build/Build/Intermediates.noindex/Nurikabe.build/Debug-iphonesimulator/Nurikabe.build/Nurikabe-own-target-headers.hmap -Xcc -I/Users/lenatrnovec/Nurikabe/build/Build/Intermediates.noindex/Nurikabe.build/Debug-iphonesimulator/Nurikabe.build/Nurikabe-all-target-headers.hmap -Xcc -iquote -Xcc /Users/lenatrnovec/Nurikabe/build/Build/Intermediates.noindex/Nurikabe.build/Debug-iphonesimulator/Nurikabe.build/Nurikabe-project-headers.hmap -Xcc -I/Users/lenatrnovec/Nurikabe/build/Build/Products/Debug-iphonesimulator/include -Xcc -I/Users/lenatrnovec/Nurikabe/build/Build/Intermediates.noindex/Nurikabe.build/Debug-iphonesimulator/Nurikabe.build/DerivedSources-normal/arm64 -Xcc -I/Users/lenatrnovec/Nurikabe/build/Build/Intermediates.noindex/Nurikabe.build/Debug-iphonesimulator/Nurikabe.build/DerivedSources/arm64 -Xcc -I/Users/lenatrnovec/Nurikabe/build/Build/Intermediates.noindex/Nurikabe.build/Debug-iphonesimulator/Nurikabe.build/DerivedSources -Xcc -DDEBUG\=1 -module-name Nurikabe -frontend-parseable-output -disable-clang-spi -target-sdk-version 18.5 -target-sdk-name iphonesimulator18.5 -external-plugin-path /Applications/Xcode.app/Contents/Developer/Platforms/iPhoneOS.platform/Developer/usr/lib/swift/host/plugins\#/Applications/Xcode.app/Contents/Developer/Platforms/iPhoneOS.platform/Developer/usr/bin/swift-plugin-server -external-plugin-path /Applications/Xcode.app/Contents/Developer/Platforms/iPhoneOS.platform/Developer/usr/local/lib/swift/host/plugins\#/Applications/Xcode.app/Contents/Developer/Platforms/iPhoneOS.platform/Developer/usr/bin/swift-plugin-server -in-process-plugin-server-path /Applications/Xcode.app/Contents/Developer/Toolchains/XcodeDefault.xctoolchain/usr/lib/swift/host/libSwiftInProcPluginServer.dylib -plugin-path /Applications/Xcode.app/Contents/Developer/Toolchains/XcodeDefault.xctoolchain/usr/lib/swift/host/plugins -plugin-path /Applications/Xcode.app/Contents/Developer/Toolchains/XcodeDefault.xctoolchain/usr/local/lib/swift/host/plugins -o /Users/lenatrnovec/Nurikabe/build/Build/Intermediates.noindex/Nurikabe.build/Debug-iphonesimulator/Nurikabe.build/Objects-normal/arm64/MenuScene.o -index-unit-output-path /Nurikabe.build/Debug-iphonesimulator/Nurikabe.build/Objects-normal/arm64/MenuScene.o -index-store-path /Users/lenatrnovec/Nurikabe/build/Index.noindex/DataStore -index-system-modules
SwiftEmitModule normal arm64 Emitting\ module\ for\ Nurikabe (in target 'Nurikabe' from project 'Nurikabe')

EmitSwiftModule normal arm64 (in target 'Nurikabe' from project 'Nurikabe')
    cd /Users/lenatrnovec/Nurikabe
    

SwiftDriverJobDiscovery normal arm64 Emitting module for Nurikabe (in target 'Nurikabe' from project 'Nurikabe')

SwiftDriver\ Compilation\ Requirements Nurikabe normal arm64 com.apple.xcode.tools.swift.compiler (in target 'Nurikabe' from project 'Nurikabe')
    cd /Users/lenatrnovec/Nurikabe
    builtin-Swift-Compilation-Requirements -- /Applications/Xcode.app/Contents/Developer/Toolchains/XcodeDefault.xctoolchain/usr/bin/swiftc -module-name Nurikabe -Onone -enforce-exclusivity\=checked @/Users/lenatrnovec/Nurikabe/build/Build/Intermediates.noindex/Nurikabe.build/Debug-iphonesimulator/Nurikabe.build/Objects-normal/arm64/Nurikabe.SwiftFileList -DDEBUG -enable-bare-slash-regex -enable-experimental-feature DebugDescriptionMacro -sdk /Applications/Xcode.app/Contents/Developer/Platforms/iPhoneSimulator.platform/Developer/SDKs/iPhoneSimulator18.5.sdk -target arm64-apple-ios18.5-simulator -g -module-cache-path /Users/lenatrnovec/Nurikabe/build/ModuleCache.noindex -Xfrontend -serialize-debugging-options -profile-coverage-mapping -profile-generate -enable-testing -index-store-path /Users/lenatrnovec/Nurikabe/build/Index.noindex/DataStore -swift-version 5 -I /Users/lenatrnovec/Nurikabe/build/Build/Products/Debug-iphonesimulator -F /Users/lenatrnovec/Nurikabe/build/Build/Products/Debug-iphonesimulator -emit-localized-strings -emit-localized-strings-path /Users/lenatrnovec/Nurikabe/build/Build/Intermediates.noindex/Nurikabe.build/Debug-iphonesimulator/Nurikabe.build/Objects-normal/arm64 -c -j12 -enable-batch-mode -incremental -Xcc -ivfsstatcache -Xcc /Users/lenatrnovec/Nurikabe/build/SDKStatCaches.noindex/iphonesimulator18.5-22F76-d5fc8ad4295d2ef488fb7d0f804ce0c4.sdkstatcache -output-file-map /Users/lenatrnovec/Nurikabe/build/Build/Intermediates.noindex/Nurikabe.build/Debug-iphonesimulator/Nurikabe.build/Objects-normal/arm64/Nurikabe-OutputFileMap.json -use-frontend-parseable-output -save-temps -no-color-diagnostics -serialize-diagnostics -emit-dependencies -emit-module -emit-module-path /Users/lenatrnovec/Nurikabe/build/Build/Intermediates.noindex/Nurikabe.build/Debug-iphonesimulator/Nurikabe.build/Objects-normal/arm64/Nurikabe.swiftmodule -validate-clang-modules-once -clang-build-session-file /Users/lenatrnovec/Nurikabe/build/ModuleCache.noindex/Session.modulevalidation -Xcc -I/Users/lenatrnovec/Nurikabe/build/Build/Intermediates.noindex/Nurikabe.build/Debug-iphonesimulator/Nurikabe.build/swift-overrides.hmap -emit-const-values -Xfrontend -const-gather-protocols-file -Xfrontend /Users/lenatrnovec/Nurikabe/build/Build/Intermediates.noindex/Nurikabe.build/Debug-iphonesimulator/Nurikabe.build/Objects-normal/arm64/Nurikabe_const_extract_protocols.json -Xcc -iquote -Xcc /Users/lenatrnovec/Nurikabe/build/Build/Intermediates.noindex/Nurikabe.build/Debug-iphonesimulator/Nurikabe.build/Nurikabe-generated-files.hmap -Xcc -I/Users/lenatrnovec/Nurikabe/build/Build/Intermediates.noindex/Nurikabe.build/Debug-iphonesimulator/Nurikabe.build/Nurikabe-own-target-headers.hmap -Xcc -I/Users/lenatrnovec/Nurikabe/build/Build/Intermediates.noindex/Nurikabe.build/Debug-iphonesimulator/Nurikabe.build/Nurikabe-all-target-headers.hmap -Xcc -iquote -Xcc /Users/lenatrnovec/Nurikabe/build/Build/Intermediates.noindex/Nurikabe.build/Debug-iphonesimulator/Nurikabe.build/Nurikabe-project-headers.hmap -Xcc -I/Users/lenatrnovec/Nurikabe/build/Build/Products/Debug-iphonesimulator/include -Xcc -I/Users/lenatrnovec/Nurikabe/build/Build/Intermediates.noindex/Nurikabe.build/Debug-iphonesimulator/Nurikabe.build/DerivedSources-normal/arm64 -Xcc -I/Users/lenatrnovec/Nurikabe/build/Build/Intermediates.noindex/Nurikabe.build/Debug-iphonesimulator/Nurikabe.build/DerivedSources/arm64 -Xcc -I/Users/lenatrnovec/Nurikabe/build/Build/Intermediates.noindex/Nurikabe.build/Debug-iphonesimulator/Nurikabe.build/DerivedSources -Xcc -DDEBUG\=1 -emit-objc-header -emit-objc-header-path /Users/lenatrnovec/Nurikabe/build/Build/Intermediates.noindex/Nurikabe.build/Debug-iphonesimulator/Nurikabe.build/Objects-normal/arm64/Nurikabe-Swift.h -working-directory /Users/lenatrnovec/Nurikabe -experimental-emit-module-separately -disable-cmo

Copy /Users/lenatrnovec/Nurikabe/build/Build/Products/Debug-iphonesimulator/Nurikabe.swiftmodule/arm64-apple-ios-simulator.swiftmodule /Users/lenatrnovec/Nurikabe/build/Build/Intermediates.noindex/Nurikabe.build/Debug-iphonesimulator/Nurikabe.build/Objects-normal/arm64/Nurikabe.swiftmodule (in target 'Nurikabe' from project 'Nurikabe')
    cd /Users/lenatrnovec/Nurikabe
    builtin-copy -exclude .DS_Store -exclude CVS -exclude .svn -exclude .git -exclude .hg -resolve-src-symlinks -rename /Users/lenatrnovec/Nurikabe/build/Build/Intermediates.noindex/Nurikabe.build/Debug-iphonesimulator/Nurikabe.build/Objects-normal/arm64/Nurikabe.swiftmodule /Users/lenatrnovec/Nurikabe/build/Build/Products/Debug-iphonesimulator/Nurikabe.swiftmodule/arm64-apple-ios-simulator.swiftmodule

Copy /Users/lenatrnovec/Nurikabe/build/Build/Products/Debug-iphonesimulator/Nurikabe.swiftmodule/arm64-apple-ios-simulator.abi.json /Users/lenatrnovec/Nurikabe/build/Build/Intermediates.noindex/Nurikabe.build/Debug-iphonesimulator/Nurikabe.build/Objects-normal/arm64/Nurikabe.abi.json (in target 'Nurikabe' from project 'Nurikabe')
    cd /Users/lenatrnovec/Nurikabe
    builtin-copy -exclude .DS_Store -exclude CVS -exclude .svn -exclude .git -exclude .hg -resolve-src-symlinks -rename /Users/lenatrnovec/Nurikabe/build/Build/Intermediates.noindex/Nurikabe.build/Debug-iphonesimulator/Nurikabe.build/Objects-normal/arm64/Nurikabe.abi.json /Users/lenatrnovec/Nurikabe/build/Build/Products/Debug-iphonesimulator/Nurikabe.swiftmodule/arm64-apple-ios-simulator.abi.json

Copy /Users/lenatrnovec/Nurikabe/build/Build/Products/Debug-iphonesimulator/Nurikabe.swiftmodule/Project/arm64-apple-ios-simulator.swiftsourceinfo /Users/lenatrnovec/Nurikabe/build/Build/Intermediates.noindex/Nurikabe.build/Debug-iphonesimulator/Nurikabe.build/Objects-normal/arm64/Nurikabe.swiftsourceinfo (in target 'Nurikabe' from project 'Nurikabe')
    cd /Users/lenatrnovec/Nurikabe
    builtin-copy -exclude .DS_Store -exclude CVS -exclude .svn -exclude .git -exclude .hg -resolve-src-symlinks -rename /Users/lenatrnovec/Nurikabe/build/Build/Intermediates.noindex/Nurikabe.build/Debug-iphonesimulator/Nurikabe.build/Objects-normal/arm64/Nurikabe.swiftsourceinfo /Users/lenatrnovec/Nurikabe/build/Build/Products/Debug-iphonesimulator/Nurikabe.swiftmodule/Project/arm64-apple-ios-simulator.swiftsourceinfo

** BUILD FAILED **


The following build commands failed:
	SwiftCompile normal arm64 /Users/lenatrnovec/Nurikabe/Nurikabe/MenuScene.swift (in target 'Nurikabe' from project 'Nurikabe')
	SwiftCompile normal arm64 Compiling\ MenuScene.swift /Users/lenatrnovec/Nurikabe/Nurikabe/MenuScene.swift (in target 'Nurikabe' from project 'Nurikabe')
	Building project Nurikabe with scheme Nurikabe and configuration Debug
(3 failures)
